<?xml version="1.0" encoding="UTF-8"?>
<!-- Generated by org.testng.reporters.JUnitReportReporter -->
<testsuite hostname="DESKTOP-2M3SMF0" failures="0" tests="2" name="XYZpac.MainTest" time="23.928" errors="0" timestamp="2023-03-23T08:28:05 EET" skipped="0">
  <testcase classname="XYZpac.MainTest" name="CustomerLogin" time="16.464"/>
  <system-out/>
  <testcase classname="XYZpac.MainTest" name="ddCustomer" time="7.464"/>
  <system-out/>
</testsuite> <!-- XYZpac.MainTest -->
